( cd man && make DESTDIR="/home/lfs/project/os" RPATH_LIST="/usr/lib" install )
make[1]: Entering directory '/home/lfs/project/os/sources/compiling_area/ncurses/ncurses-6.4/man'
/bin/sh ../edit_man.sh normal installing /home/lfs/project/os/usr/share/man . terminfo.5 *-config.1 ./*.[0-9]*
...made /home/lfs/project/os/sources/compiling_area/ncurses/ncurses-6.4/man_alias.sed
installing /home/lfs/project/os/usr/share/man/man5/terminfo.5
installing /home/lfs/project/os/usr/share/man/man1/ncursesw6-config.1
installing /home/lfs/project/os/usr/share/man/man1/captoinfo.1
installing /home/lfs/project/os/usr/share/man/man1/clear.1
installing /home/lfs/project/os/usr/share/man/man3/add_wch.3ncurses
.. installing alias echo_wchar.3ncurses
.. installing alias mvadd_wch.3ncurses
.. installing alias mvwadd_wch.3ncurses
.. installing alias wadd_wch.3ncurses
.. installing alias wecho_wchar.3ncurses
installing /home/lfs/project/os/usr/share/man/man3/add_wchstr.3ncurses
.. installing alias add_wchnstr.3ncurses
.. installing alias mvadd_wchnstr.3ncurses
.. installing alias mvadd_wchstr.3ncurses
.. installing alias mvwadd_wchnstr.3ncurses
.. installing alias mvwadd_wchstr.3ncurses
.. installing alias wadd_wchnstr.3ncurses
.. installing alias wadd_wchstr.3ncurses
installing /home/lfs/project/os/usr/share/man/man3/addch.3ncurses
.. installing alias echochar.3ncurses
.. installing alias mvaddch.3ncurses
.. installing alias mvwaddch.3ncurses
.. installing alias waddch.3ncurses
.. installing alias wechochar.3ncurses
installing /home/lfs/project/os/usr/share/man/man3/addchstr.3ncurses
.. installing alias addchnstr.3ncurses
.. installing alias mvaddchnstr.3ncurses
.. installing alias mvaddchstr.3ncurses
.. installing alias mvwaddchnstr.3ncurses
.. installing alias mvwaddchstr.3ncurses
.. installing alias waddchnstr.3ncurses
.. installing alias waddchstr.3ncurses
installing /home/lfs/project/os/usr/share/man/man3/addstr.3ncurses
.. installing alias addnstr.3ncurses
.. installing alias mvaddnstr.3ncurses
.. installing alias mvaddstr.3ncurses
.. installing alias mvwaddnstr.3ncurses
.. installing alias mvwaddstr.3ncurses
.. installing alias waddnstr.3ncurses
.. installing alias waddstr.3ncurses
installing /home/lfs/project/os/usr/share/man/man3/addwstr.3ncurses
.. installing alias addnwstr.3ncurses
.. installing alias mvaddnwstr.3ncurses
.. installing alias mvaddwstr.3ncurses
.. installing alias mvwaddnwstr.3ncurses
.. installing alias mvwaddwstr.3ncurses
.. installing alias waddnwstr.3ncurses
.. installing alias waddwstr.3ncurses
installing /home/lfs/project/os/usr/share/man/man3/attr.3ncurses
.. installing alias attr_get.3ncurses
.. installing alias attr_off.3ncurses
.. installing alias attroff.3ncurses
.. installing alias attr_on.3ncurses
.. installing alias attron.3ncurses
.. installing alias attr_set.3ncurses
.. installing alias attrset.3ncurses
.. installing alias chgat.3ncurses
.. installing alias color_set.3ncurses
.. installing alias mvchgat.3ncurses
.. installing alias mvwchgat.3ncurses
.. installing alias standend.3ncurses
.. installing alias standout.3ncurses
.. installing alias wattr_get.3ncurses
.. installing alias wattr_off.3ncurses
.. installing alias wattroff.3ncurses
.. installing alias wattr_on.3ncurses
.. installing alias wattron.3ncurses
.. installing alias wattr_set.3ncurses
.. installing alias wattrset.3ncurses
.. installing alias wchgat.3ncurses
.. installing alias wcolor_set.3ncurses
.. installing alias wstandend.3ncurses
.. installing alias wstandout.3ncurses
installing /home/lfs/project/os/usr/share/man/man3/beep.3ncurses
.. installing alias flash.3ncurses
installing /home/lfs/project/os/usr/share/man/man3/bkgd.3ncurses
.. installing alias bkgdset.3ncurses
.. installing alias getbkgd.3ncurses
.. installing alias wbkgd.3ncurses
.. installing alias wbkgdset.3ncurses
installing /home/lfs/project/os/usr/share/man/man3/bkgrnd.3ncurses
.. installing alias bkgrndset.3ncurses
.. installing alias getbkgrnd.3ncurses
.. installing alias wbkgrnd.3ncurses
.. installing alias wbkgrndset.3ncurses
.. installing alias wgetbkgrnd.3ncurses
installing /home/lfs/project/os/usr/share/man/man3/border.3ncurses
.. installing alias box.3ncurses
.. installing alias hline.3ncurses
.. installing alias mvhline.3ncurses
.. installing alias mvvline.3ncurses
.. installing alias mvwhline.3ncurses
.. installing alias mvwvline.3ncurses
.. installing alias vline.3ncurses
.. installing alias wborder.3ncurses
.. installing alias whline.3ncurses
.. installing alias wvline.3ncurses
installing /home/lfs/project/os/usr/share/man/man3/border_set.3ncurses
.. installing alias box_set.3ncurses
.. installing alias hline_set.3ncurses
.. installing alias mvhline_set.3ncurses
.. installing alias mvvline_set.3ncurses
.. installing alias mvwhline_set.3ncurses
.. installing alias mvwvline_set.3ncurses
.. installing alias vline_set.3ncurses
.. installing alias wborder_set.3ncurses
.. installing alias whline_set.3ncurses
.. installing alias wvline_set.3ncurses
installing /home/lfs/project/os/usr/share/man/man3/clear.3ncurses
.. installing alias clrtobot.3ncurses
.. installing alias clrtoeol.3ncurses
.. installing alias erase.3ncurses
.. installing alias wclear.3ncurses
.. installing alias wclrtobot.3ncurses
.. installing alias wclrtoeol.3ncurses
.. installing alias werase.3ncurses
installing /home/lfs/project/os/usr/share/man/man3/color.3ncurses
.. installing alias can_change_color.3ncurses
.. installing alias color_content.3ncurses
.. installing alias COLOR_PAIR.3ncurses
.. installing alias extended_color_content.3ncurses
.. installing alias extended_pair_content.3ncurses
.. installing alias has_colors.3ncurses
.. installing alias init_color.3ncurses
.. installing alias init_extended_color.3ncurses
.. installing alias init_extended_pair.3ncurses
.. installing alias init_pair.3ncurses
.. installing alias pair_content.3ncurses
.. installing alias PAIR_NUMBER.3ncurses
.. installing alias reset_color_pairs.3ncurses
.. installing alias start_color.3ncurses
installing /home/lfs/project/os/usr/share/man/man3/delch.3ncurses
.. installing alias mvdelch.3ncurses
.. installing alias mvwdelch.3ncurses
.. installing alias wdelch.3ncurses
installing /home/lfs/project/os/usr/share/man/man3/deleteln.3ncurses
.. installing alias insdelln.3ncurses
.. installing alias insertln.3ncurses
.. installing alias wdeleteln.3ncurses
.. installing alias winsdelln.3ncurses
.. installing alias winsertln.3ncurses
installing /home/lfs/project/os/usr/share/man/man3/extensions.3ncurses
.. installing alias curses_version.3ncurses
.. installing alias use_extended_names.3ncurses
installing /home/lfs/project/os/usr/share/man/man3/get_wch.3ncurses
.. installing alias mvget_wch.3ncurses
.. installing alias mvwget_wch.3ncurses
.. installing alias unget_wch.3ncurses
.. installing alias wget_wch.3ncurses
installing /home/lfs/project/os/usr/share/man/man3/get_wstr.3ncurses
.. installing alias getn_wstr.3ncurses
.. installing alias mvgetn_wstr.3ncurses
.. installing alias mvget_wstr.3ncurses
.. installing alias mvwgetn_wstr.3ncurses
.. installing alias mvwget_wstr.3ncurses
.. installing alias wgetn_wstr.3ncurses
.. installing alias wget_wstr.3ncurses
installing /home/lfs/project/os/usr/share/man/man3/getcchar.3ncurses
.. installing alias setcchar.3ncurses
installing /home/lfs/project/os/usr/share/man/man3/getch.3ncurses
.. installing alias has_key.3ncurses
.. installing alias mvgetch.3ncurses
.. installing alias mvwgetch.3ncurses
.. installing alias ungetch.3ncurses
.. installing alias wgetch.3ncurses
installing /home/lfs/project/os/usr/share/man/man3/getstr.3ncurses
.. installing alias getnstr.3ncurses
.. installing alias mvgetnstr.3ncurses
.. installing alias mvgetstr.3ncurses
.. installing alias mvwgetnstr.3ncurses
.. installing alias mvwgetstr.3ncurses
.. installing alias wgetnstr.3ncurses
.. installing alias wgetstr.3ncurses
installing /home/lfs/project/os/usr/share/man/man3/getyx.3ncurses
.. installing alias getbegyx.3ncurses
.. installing alias getmaxyx.3ncurses
.. installing alias getparyx.3ncurses
installing /home/lfs/project/os/usr/share/man/man3/in_wch.3ncurses
.. installing alias mvin_wch.3ncurses
.. installing alias mvwin_wch.3ncurses
.. installing alias win_wch.3ncurses
installing /home/lfs/project/os/usr/share/man/man3/in_wchstr.3ncurses
.. installing alias in_wchnstr.3ncurses
.. installing alias mvin_wchnstr.3ncurses
.. installing alias mvin_wchstr.3ncurses
.. installing alias mvwin_wchnstr.3ncurses
.. installing alias mvwin_wchstr.3ncurses
.. installing alias win_wchnstr.3ncurses
.. installing alias win_wchstr.3ncurses
installing /home/lfs/project/os/usr/share/man/man3/inch.3ncurses
.. installing alias mvinch.3ncurses
.. installing alias mvwinch.3ncurses
.. installing alias winch.3ncurses
installing /home/lfs/project/os/usr/share/man/man3/inchstr.3ncurses
.. installing alias inchnstr.3ncurses
.. installing alias mvinchnstr.3ncurses
.. installing alias mvinchstr.3ncurses
.. installing alias mvwinchnstr.3ncurses
.. installing alias mvwinchstr.3ncurses
.. installing alias winchnstr.3ncurses
.. installing alias winchstr.3ncurses
installing /home/lfs/project/os/usr/share/man/man3/initscr.3ncurses
.. installing alias delscreen.3ncurses
.. installing alias endwin.3ncurses
.. installing alias isendwin.3ncurses
.. installing alias newterm.3ncurses
.. installing alias set_term.3ncurses
installing /home/lfs/project/os/usr/share/man/man3/inopts.3ncurses
.. installing alias cbreak.3ncurses
.. installing alias echo.3ncurses
.. installing alias halfdelay.3ncurses
.. installing alias intrflush.3ncurses
.. installing alias keypad.3ncurses
.. installing alias meta.3ncurses
.. installing alias nl.3ncurses
.. installing alias nocbreak.3ncurses
.. installing alias nodelay.3ncurses
.. installing alias noecho.3ncurses
.. installing alias nonl.3ncurses
.. installing alias noqiflush.3ncurses
.. installing alias noraw.3ncurses
.. installing alias notimeout.3ncurses
.. installing alias qiflush.3ncurses
.. installing alias raw.3ncurses
.. installing alias timeout.3ncurses
.. installing alias typeahead.3ncurses
.. installing alias wtimeout.3ncurses
installing /home/lfs/project/os/usr/share/man/man3/ins_wch.3ncurses
.. installing alias mvins_wch.3ncurses
.. installing alias mvwins_wch.3ncurses
.. installing alias wins_wch.3ncurses
installing /home/lfs/project/os/usr/share/man/man3/ins_wstr.3ncurses
.. installing alias ins_nwstr.3ncurses
.. installing alias mvins_nwstr.3ncurses
.. installing alias mvins_wstr.3ncurses
.. installing alias mvwins_nwstr.3ncurses
.. installing alias mvwins_wstr.3ncurses
.. installing alias wins_nwstr.3ncurses
.. installing alias wins_wstr.3ncurses
installing /home/lfs/project/os/usr/share/man/man3/insch.3ncurses
.. installing alias mvinsch.3ncurses
.. installing alias mvwinsch.3ncurses
.. installing alias winsch.3ncurses
installing /home/lfs/project/os/usr/share/man/man3/insstr.3ncurses
.. installing alias insnstr.3ncurses
.. installing alias mvinsnstr.3ncurses
.. installing alias mvinsstr.3ncurses
.. installing alias mvwinsnstr.3ncurses
.. installing alias mvwinsstr.3ncurses
.. installing alias winsnstr.3ncurses
.. installing alias winsstr.3ncurses
installing /home/lfs/project/os/usr/share/man/man3/instr.3ncurses
.. installing alias innstr.3ncurses
.. installing alias mvinnstr.3ncurses
.. installing alias mvinstr.3ncurses
.. installing alias mvwinnstr.3ncurses
.. installing alias mvwinstr.3ncurses
.. installing alias winnstr.3ncurses
.. installing alias winstr.3ncurses
installing /home/lfs/project/os/usr/share/man/man3/inwstr.3ncurses
.. installing alias innwstr.3ncurses
.. installing alias mvinnwstr.3ncurses
.. installing alias mvinwstr.3ncurses
.. installing alias mvwinnwstr.3ncurses
.. installing alias mvwinwstr.3ncurses
.. installing alias winnwstr.3ncurses
.. installing alias winwstr.3ncurses
installing /home/lfs/project/os/usr/share/man/man3/kernel.3ncurses
.. installing alias curs_set.3ncurses
.. installing alias def_prog_mode.3ncurses
.. installing alias def_shell_mode.3ncurses
.. installing alias getsyx.3ncurses
.. installing alias napms.3ncurses
.. installing alias reset_prog_mode.3ncurses
.. installing alias reset_shell_mode.3ncurses
.. installing alias resetty.3ncurses
.. installing alias ripoffline.3ncurses
.. installing alias savetty.3ncurses
.. installing alias setsyx.3ncurses
installing /home/lfs/project/os/usr/share/man/man3/legacy.3ncurses
.. installing alias curs_legacy.3ncurses
.. installing alias getattrs.3ncurses
.. installing alias getbegx.3ncurses
.. installing alias getbegy.3ncurses
.. installing alias getcurx.3ncurses
.. installing alias getcury.3ncurses
.. installing alias getmaxx.3ncurses
.. installing alias getmaxy.3ncurses
.. installing alias getparx.3ncurses
.. installing alias getpary.3ncurses
installing /home/lfs/project/os/usr/share/man/man3/memleaks.3ncurses
.. installing alias exit_curses.3ncurses
.. installing alias exit_terminfo.3ncurses
.. installing alias _nc_freeall.3ncurses
.. installing alias _nc_free_and_exit.3ncurses
.. installing alias _nc_free_tinfo.3ncurses
installing /home/lfs/project/os/usr/share/man/man3/mouse.3ncurses
.. installing alias getmouse.3ncurses
.. installing alias has_mouse.3ncurses
.. installing alias mouseinterval.3ncurses
.. installing alias mousemask.3ncurses
.. installing alias mouse_trafo.3ncurses
.. installing alias ungetmouse.3ncurses
.. installing alias wenclose.3ncurses
.. installing alias wmouse_trafo.3ncurses
installing /home/lfs/project/os/usr/share/man/man3/move.3ncurses
.. installing alias wmove.3ncurses
installing /home/lfs/project/os/usr/share/man/man3/opaque.3ncurses
.. installing alias is_cleared.3ncurses
.. installing alias is_idcok.3ncurses
.. installing alias is_idlok.3ncurses
.. installing alias is_immedok.3ncurses
.. installing alias is_keypad.3ncurses
.. installing alias is_leaveok.3ncurses
.. installing alias is_nodelay.3ncurses
.. installing alias is_notimeout.3ncurses
.. installing alias is_pad.3ncurses
.. installing alias is_scrollok.3ncurses
.. installing alias is_subwin.3ncurses
.. installing alias is_syncok.3ncurses
.. installing alias wgetdelay.3ncurses
.. installing alias wgetparent.3ncurses
.. installing alias wgetscrreg.3ncurses
installing /home/lfs/project/os/usr/share/man/man3/outopts.3ncurses
.. installing alias clearok.3ncurses
.. installing alias idcok.3ncurses
.. installing alias idlok.3ncurses
.. installing alias immedok.3ncurses
.. installing alias leaveok.3ncurses
.. installing alias scrollok.3ncurses
.. installing alias setscrreg.3ncurses
.. installing alias wsetscrreg.3ncurses
installing /home/lfs/project/os/usr/share/man/man3/overlay.3ncurses
.. installing alias copywin.3ncurses
.. installing alias overwrite.3ncurses
installing /home/lfs/project/os/usr/share/man/man3/pad.3ncurses
.. installing alias newpad.3ncurses
.. installing alias pechochar.3ncurses
.. installing alias pecho_wchar.3ncurses
.. installing alias pnoutrefresh.3ncurses
.. installing alias prefresh.3ncurses
.. installing alias subpad.3ncurses
installing /home/lfs/project/os/usr/share/man/man3/print.3ncurses
.. installing alias mcprint.3ncurses
installing /home/lfs/project/os/usr/share/man/man3/printw.3ncurses
.. installing alias mvprintw.3ncurses
.. installing alias mvwprintw.3ncurses
.. installing alias vw_printw.3ncurses
.. installing alias vwprintw.3ncurses
.. installing alias wprintw.3ncurses
installing /home/lfs/project/os/usr/share/man/man3/refresh.3ncurses
.. installing alias doupdate.3ncurses
.. installing alias redrawwin.3ncurses
.. installing alias wnoutrefresh.3ncurses
.. installing alias wredrawln.3ncurses
.. installing alias wrefresh.3ncurses
installing /home/lfs/project/os/usr/share/man/man3/scanw.3ncurses
.. installing alias mvscanw.3ncurses
.. installing alias mvwscanw.3ncurses
.. installing alias vw_scanw.3ncurses
.. installing alias vwscanw.3ncurses
.. installing alias wscanw.3ncurses
installing /home/lfs/project/os/usr/share/man/man3/scr_dump.3ncurses
.. installing alias scr_init.3ncurses
.. installing alias scr_restore.3ncurses
.. installing alias scr_set.3ncurses
installing /home/lfs/project/os/usr/share/man/man3/scroll.3ncurses
.. installing alias scrl.3ncurses
.. installing alias wscrl.3ncurses
installing /home/lfs/project/os/usr/share/man/man3/slk.3ncurses
.. installing alias extended_slk_color.3ncurses
.. installing alias slk_attr.3ncurses
.. installing alias slk_attr_off.3ncurses
.. installing alias slk_attroff.3ncurses
.. installing alias slk_attr_on.3ncurses
.. installing alias slk_attron.3ncurses
.. installing alias slk_attr_set.3ncurses
.. installing alias slk_attrset.3ncurses
.. installing alias slk_clear.3ncurses
.. installing alias slk_color.3ncurses
.. installing alias slk_init.3ncurses
.. installing alias slk_label.3ncurses
.. installing alias slk_noutrefresh.3ncurses
.. installing alias slk_refresh.3ncurses
.. installing alias slk_restore.3ncurses
.. installing alias slk_set.3ncurses
.. installing alias slk_touch.3ncurses
.. installing alias slk_wset.3ncurses
installing /home/lfs/project/os/usr/share/man/man3/sp_funcs.3ncurses
.. installing alias alloc_pair_sp.3ncurses
.. installing alias assume_default_colors_sp.3ncurses
.. installing alias baudrate_sp.3ncurses
.. installing alias beep_sp.3ncurses
.. installing alias can_change_color_sp.3ncurses
.. installing alias cbreak_sp.3ncurses
.. installing alias ceiling_panel.3ncurses
.. installing alias color_content_sp.3ncurses
.. installing alias curs_set_sp.3ncurses
.. installing alias curs_sp_funcs.3ncurses
.. installing alias define_key_sp.3ncurses
.. installing alias def_prog_mode_sp.3ncurses
.. installing alias def_shell_mode_sp.3ncurses
.. installing alias delay_output_sp.3ncurses
.. installing alias del_curterm_sp.3ncurses
.. installing alias doupdate_sp.3ncurses
.. installing alias echo_sp.3ncurses
.. installing alias endwin_sp.3ncurses
.. installing alias erasechar_sp.3ncurses
.. installing alias erasewchar_sp.3ncurses
.. installing alias extended_color_content_sp.3ncurses
.. installing alias extended_pair_content_sp.3ncurses
.. installing alias extended_slk_color_sp.3ncurses
.. installing alias filter_sp.3ncurses
.. installing alias find_pair_sp.3ncurses
.. installing alias flash_sp.3ncurses
.. installing alias flushinp_sp.3ncurses
.. installing alias free_pair_sp.3ncurses
.. installing alias get_escdelay_sp.3ncurses
.. installing alias getmouse_sp.3ncurses
.. installing alias getwin_sp.3ncurses
.. installing alias ground_panel.3ncurses
.. installing alias halfdelay_sp.3ncurses
.. installing alias has_colors_sp.3ncurses
.. installing alias has_ic_sp.3ncurses
.. installing alias has_il_sp.3ncurses
.. installing alias has_key_sp.3ncurses
.. installing alias has_mouse_sp.3ncurses
.. installing alias init_color_sp.3ncurses
.. installing alias init_extended_color_sp.3ncurses
.. installing alias init_extended_pair_sp.3ncurses
.. installing alias init_pair_sp.3ncurses
.. installing alias intrflush_sp.3ncurses
.. installing alias isendwin_sp.3ncurses
.. installing alias is_term_resized_sp.3ncurses
.. installing alias keybound_sp.3ncurses
.. installing alias key_defined_sp.3ncurses
.. installing alias keyname_sp.3ncurses
.. installing alias keyok_sp.3ncurses
.. installing alias killchar_sp.3ncurses
.. installing alias killwchar_sp.3ncurses
.. installing alias longname_sp.3ncurses
.. installing alias mcprint_sp.3ncurses
.. installing alias mouseinterval_sp.3ncurses
.. installing alias mousemask_sp.3ncurses
.. installing alias mvcur_sp.3ncurses
.. installing alias napms_sp.3ncurses
.. installing alias new_form_sp.3ncurses
.. installing alias new_menu_sp.3ncurses
.. installing alias newpad_sp.3ncurses
.. installing alias new_prescr.3ncurses
.. installing alias newterm_sp.3ncurses
.. installing alias newwin_sp.3ncurses
.. installing alias nl_sp.3ncurses
.. installing alias nocbreak_sp.3ncurses
.. installing alias noecho_sp.3ncurses
.. installing alias nofilter_sp.3ncurses
.. installing alias nonl_sp.3ncurses
.. installing alias noqiflush_sp.3ncurses
.. installing alias noraw_sp.3ncurses
.. installing alias pair_content_sp.3ncurses
.. installing alias putp_sp.3ncurses
.. installing alias qiflush_sp.3ncurses
.. installing alias raw_sp.3ncurses
.. installing alias reset_color_pairs_sp.3ncurses
.. installing alias reset_prog_mode_sp.3ncurses
.. installing alias reset_shell_mode_sp.3ncurses
.. installing alias resetty_sp.3ncurses
.. installing alias resize_term_sp.3ncurses
.. installing alias resizeterm_sp.3ncurses
.. installing alias restartterm_sp.3ncurses
.. installing alias ripoffline_sp.3ncurses
.. installing alias savetty_sp.3ncurses
.. installing alias scr_init_sp.3ncurses
.. installing alias scr_restore_sp.3ncurses
.. installing alias scr_set_sp.3ncurses
.. installing alias set_curterm_sp.3ncurses
.. installing alias set_escdelay_sp.3ncurses
.. installing alias set_tabsize_sp.3ncurses
.. installing alias slk_attroff_sp.3ncurses
.. installing alias slk_attron_sp.3ncurses
.. installing alias slk_attr_set_sp.3ncurses
.. installing alias slk_attrset_sp.3ncurses
.. installing alias slk_attr_sp.3ncurses
.. installing alias slk_clear_sp.3ncurses
.. installing alias slk_color_sp.3ncurses
.. installing alias slk_init_sp.3ncurses
.. installing alias slk_label_sp.3ncurses
.. installing alias slk_noutrefresh_sp.3ncurses
.. installing alias slk_refresh_sp.3ncurses
.. installing alias slk_restore_sp.3ncurses
.. installing alias slk_set_sp.3ncurses
.. installing alias slk_touch_sp.3ncurses
.. installing alias start_color_sp.3ncurses
.. installing alias term_attrs_sp.3ncurses
.. installing alias termattrs_sp.3ncurses
.. installing alias termname_sp.3ncurses
.. installing alias tgetent_sp.3ncurses
.. installing alias tgetflag_sp.3ncurses
.. installing alias tgetnum_sp.3ncurses
.. installing alias tgetstr_sp.3ncurses
.. installing alias tgoto_sp.3ncurses
.. installing alias tigetflag_sp.3ncurses
.. installing alias tigetnum_sp.3ncurses
.. installing alias tigetstr_sp.3ncurses
.. installing alias tparm_sp.3ncurses
.. installing alias tputs_sp.3ncurses
.. installing alias typeahead_sp.3ncurses
.. installing alias unctrl_sp.3ncurses
.. installing alias ungetch_sp.3ncurses
.. installing alias ungetmouse_sp.3ncurses
.. installing alias unget_wch_sp.3ncurses
.. installing alias update_panels_sp.3ncurses
.. installing alias use_default_colors_sp.3ncurses
.. installing alias use_env_sp.3ncurses
.. installing alias use_legacy_coding_sp.3ncurses
.. installing alias use_tioctl_sp.3ncurses
.. installing alias vid_attr_sp.3ncurses
.. installing alias vidattr_sp.3ncurses
.. installing alias vid_puts_sp.3ncurses
.. installing alias vidputs_sp.3ncurses
.. installing alias wunctrl_sp.3ncurses
installing /home/lfs/project/os/usr/share/man/man3/termattrs.3ncurses
.. installing alias baudrate.3ncurses
.. installing alias erasechar.3ncurses
.. installing alias erasewchar.3ncurses
.. installing alias has_ic.3ncurses
.. installing alias has_il.3ncurses
.. installing alias killchar.3ncurses
.. installing alias killwchar.3ncurses
.. installing alias longname.3ncurses
.. installing alias term_attrs.3ncurses
.. installing alias termname.3ncurses
installing /home/lfs/project/os/usr/share/man/man3/termcap.3ncurses
.. installing alias BC.3ncurses
.. installing alias ospeed.3ncurses
.. installing alias PC.3ncurses
.. installing alias tgetent.3ncurses
.. installing alias tgetflag.3ncurses
.. installing alias tgetnum.3ncurses
.. installing alias tgetstr.3ncurses
.. installing alias tgoto.3ncurses
.. installing alias tputs.3ncurses
.. installing alias UP.3ncurses
installing /home/lfs/project/os/usr/share/man/man3/terminfo.3ncurses
.. installing alias del_curterm.3ncurses
.. installing alias mvcur.3ncurses
.. installing alias putp.3ncurses
.. installing alias restartterm.3ncurses
.. installing alias set_curterm.3ncurses
.. installing alias setupterm.3ncurses
.. installing alias tigetflag.3ncurses
.. installing alias tigetnum.3ncurses
.. installing alias tigetstr.3ncurses
.. installing alias tiparm.3ncurses
.. installing alias tparm.3ncurses
.. installing alias tputs.3ncurses
.. installing alias vid_attr.3ncurses
.. installing alias vidattr.3ncurses
.. installing alias vid_puts.3ncurses
.. installing alias vidputs.3ncurses
installing /home/lfs/project/os/usr/share/man/man3/threads.3ncurses
.. installing alias curs_threads.3ncurses
.. installing alias get_escdelay.3ncurses
.. installing alias set_escdelay.3ncurses
.. installing alias set_tabsize.3ncurses
.. installing alias use_screen.3ncurses
.. installing alias use_window.3ncurses
installing /home/lfs/project/os/usr/share/man/man3/touch.3ncurses
.. installing alias is_linetouched.3ncurses
.. installing alias is_wintouched.3ncurses
.. installing alias touchline.3ncurses
.. installing alias touchwin.3ncurses
.. installing alias untouchwin.3ncurses
.. installing alias wtouchln.3ncurses
installing /home/lfs/project/os/usr/share/man/man3/trace.3ncurses
.. installing alias curses_trace.3ncurses
.. installing alias _nc_tracebits.3ncurses
.. installing alias _traceattr.3ncurses
.. installing alias _traceattr2.3ncurses
.. installing alias _tracecchar_t.3ncurses
.. installing alias _tracecchar_t2.3ncurses
.. installing alias _tracechar.3ncurses
.. installing alias _tracechtype.3ncurses
.. installing alias _tracechtype2.3ncurses
.. installing alias _tracedump.3ncurses
.. installing alias _tracef.3ncurses
.. installing alias _tracemouse.3ncurses
installing /home/lfs/project/os/usr/share/man/man3/util.3ncurses
.. installing alias delay_output.3ncurses
.. installing alias filter.3ncurses
.. installing alias flushinp.3ncurses
.. installing alias getwin.3ncurses
.. installing alias key_name.3ncurses
.. installing alias keyname.3ncurses
.. installing alias nofilter.3ncurses
.. installing alias putwin.3ncurses
.. installing alias unctrl.3ncurses
.. installing alias use_env.3ncurses
.. installing alias use_tioctl.3ncurses
.. installing alias wunctrl.3ncurses
installing /home/lfs/project/os/usr/share/man/man3/curses_variables.3ncurses
.. installing alias COLOR_PAIRS.3ncurses
.. installing alias COLORS.3ncurses
.. installing alias COLS.3ncurses
.. installing alias curscr.3ncurses
.. installing alias ESCDELAY.3ncurses
.. installing alias LINES.3ncurses
.. installing alias newscr.3ncurses
.. installing alias stdscr.3ncurses
.. installing alias TABSIZE.3ncurses
installing /home/lfs/project/os/usr/share/man/man3/window.3ncurses
.. installing alias delwin.3ncurses
.. installing alias derwin.3ncurses
.. installing alias dupwin.3ncurses
.. installing alias mvderwin.3ncurses
.. installing alias mvwin.3ncurses
.. installing alias newwin.3ncurses
.. installing alias subwin.3ncurses
.. installing alias syncok.3ncurses
.. installing alias wcursyncup.3ncurses
.. installing alias wsyncdown.3ncurses
.. installing alias wsyncup.3ncurses
installing /home/lfs/project/os/usr/share/man/man3/default_colors.3ncurses
.. installing alias assume_default_colors.3ncurses
.. installing alias use_default_colors.3ncurses
installing /home/lfs/project/os/usr/share/man/man3/define_key.3ncurses
installing /home/lfs/project/os/usr/share/man/man3/form.3form
installing /home/lfs/project/os/usr/share/man/man3/cursor.3form
.. installing alias pos_form_cursor.3form
installing /home/lfs/project/os/usr/share/man/man3/data.3form
.. installing alias data_ahead.3form
.. installing alias data_behind.3form
installing /home/lfs/project/os/usr/share/man/man3/driver.3form
.. installing alias form_driver.3form
.. installing alias form_driver_w.3form
installing /home/lfs/project/os/usr/share/man/man3/field.3form
.. installing alias field_count.3form
.. installing alias form_field.3form
.. installing alias form_fields.3form
.. installing alias move_field.3form
.. installing alias set_form_fields.3form
installing /home/lfs/project/os/usr/share/man/man3/field_attributes.3form
.. installing alias field_back.3form
.. installing alias field_fore.3form
.. installing alias field_pad.3form
.. installing alias form_field_attributes.3form
.. installing alias set_field_back.3form
.. installing alias set_field_fore.3form
.. installing alias set_field_pad.3form
installing /home/lfs/project/os/usr/share/man/man3/field_buffer.3form
.. installing alias field_status.3form
.. installing alias form_field_buffer.3form
.. installing alias set_field_buffer.3form
.. installing alias set_field_status.3form
.. installing alias set_max_field.3form
installing /home/lfs/project/os/usr/share/man/man3/field_info.3form
.. installing alias dynamic_field_info.3form
installing /home/lfs/project/os/usr/share/man/man3/field_just.3form
.. installing alias set_field_just.3form
installing /home/lfs/project/os/usr/share/man/man3/field_new.3form
.. installing alias dup_field.3form
.. installing alias free_field.3form
.. installing alias link_field.3form
.. installing alias new_field.3form
installing /home/lfs/project/os/usr/share/man/man3/field_opts.3form
.. installing alias field_opts_off.3form
.. installing alias field_opts_on.3form
.. installing alias set_field_opts.3form
installing /home/lfs/project/os/usr/share/man/man3/field_userptr.3form
.. installing alias set_field_userptr.3form
installing /home/lfs/project/os/usr/share/man/man3/field_validation.3form
.. installing alias field_arg.3form
.. installing alias field_type.3form
.. installing alias form_field_validation.3form
.. installing alias set_field_type.3form
installing /home/lfs/project/os/usr/share/man/man3/fieldtype.3form
.. installing alias form_fieldtype.3form
.. installing alias free_fieldtype.3form
.. installing alias link_fieldtype.3form
.. installing alias new_fieldtype.3form
.. installing alias set_fieldtype_arg.3form
.. installing alias set_fieldtype_choice.3form
installing /home/lfs/project/os/usr/share/man/man3/hook.3form
.. installing alias field_init.3form
.. installing alias field_term.3form
.. installing alias form_hook.3form
.. installing alias form_init.3form
.. installing alias form_term.3form
.. installing alias set_field_init.3form
.. installing alias set_field_term.3form
.. installing alias set_form_init.3form
.. installing alias set_form_term.3form
installing /home/lfs/project/os/usr/share/man/man3/new.3form
.. installing alias free_form.3form
.. installing alias new_form.3form
installing /home/lfs/project/os/usr/share/man/man3/new_page.3form
.. installing alias set_new_page.3form
installing /home/lfs/project/os/usr/share/man/man3/opts.3form
.. installing alias form_opts.3form
.. installing alias form_opts_off.3form
.. installing alias form_opts_on.3form
.. installing alias set_form_opts.3form
installing /home/lfs/project/os/usr/share/man/man3/page.3form
.. installing alias current_field.3form
.. installing alias field_index.3form
.. installing alias form_page.3form
.. installing alias set_current_field.3form
.. installing alias set_form_page.3form
.. installing alias unfocus_current_field.3form
installing /home/lfs/project/os/usr/share/man/man3/post.3form
.. installing alias post_form.3form
.. installing alias unpost_form.3form
installing /home/lfs/project/os/usr/share/man/man3/requestname.3form
.. installing alias form_request_by_name.3form
.. installing alias form_request_name.3form
installing /home/lfs/project/os/usr/share/man/man3/userptr.3form
.. installing alias form_userptr.3form
.. installing alias set_form_userptr.3form
installing /home/lfs/project/os/usr/share/man/man3/form_variables.3form
.. installing alias TYPE_ALNUM.3form
.. installing alias TYPE_ALPHA.3form
.. installing alias TYPE_ENUM.3form
.. installing alias TYPE_INTEGER.3form
.. installing alias TYPE_IPV4.3form
.. installing alias TYPE_NUMERIC.3form
.. installing alias TYPE_REGEXP.3form
installing /home/lfs/project/os/usr/share/man/man3/win.3form
.. installing alias form_sub.3form
.. installing alias form_win.3form
.. installing alias scale_form.3form
.. installing alias set_form_sub.3form
.. installing alias set_form_win.3form
installing /home/lfs/project/os/usr/share/man/man1/infocmp.1
installing /home/lfs/project/os/usr/share/man/man1/infotocap.1
installing /home/lfs/project/os/usr/share/man/man3/key_defined.3ncurses
installing /home/lfs/project/os/usr/share/man/man3/keybound.3ncurses
installing /home/lfs/project/os/usr/share/man/man3/keyok.3ncurses
installing /home/lfs/project/os/usr/share/man/man3/legacy_coding.3ncurses
.. installing alias use_legacy_coding.3ncurses
installing /home/lfs/project/os/usr/share/man/man3/menu.3menu
installing /home/lfs/project/os/usr/share/man/man3/attributes.3menu
.. installing alias menu_back.3menu
.. installing alias menu_fore.3menu
.. installing alias menu_grey.3menu
.. installing alias menu_pad.3menu
.. installing alias set_menu_back.3menu
.. installing alias set_menu_fore.3menu
.. installing alias set_menu_grey.3menu
.. installing alias set_menu_pad.3menu
installing /home/lfs/project/os/usr/share/man/man3/cursor.3menu
.. installing alias pos_menu_cursor.3menu
installing /home/lfs/project/os/usr/share/man/man3/driver.3menu
.. installing alias menu_driver.3menu
installing /home/lfs/project/os/usr/share/man/man3/format.3menu
.. installing alias menu_format.3menu
.. installing alias set_menu_format.3menu
installing /home/lfs/project/os/usr/share/man/man3/hook.3menu
.. installing alias item_init.3menu
.. installing alias item_term.3menu
.. installing alias menu_hook.3menu
.. installing alias menu_init.3menu
.. installing alias menu_term.3menu
.. installing alias set_item_init.3menu
.. installing alias set_item_term.3menu
.. installing alias set_menu_init.3menu
.. installing alias set_menu_term.3menu
installing /home/lfs/project/os/usr/share/man/man3/items.3menu
.. installing alias item_count.3menu
.. installing alias menu_items.3menu
.. installing alias set_menu_items.3menu
installing /home/lfs/project/os/usr/share/man/man3/mark.3menu
.. installing alias menu_mark.3menu
.. installing alias set_menu_mark.3menu
installing /home/lfs/project/os/usr/share/man/man3/new.3menu
.. installing alias free_menu.3menu
.. installing alias new_menu.3menu
installing /home/lfs/project/os/usr/share/man/man3/opts.3menu
.. installing alias menu_opts.3menu
.. installing alias menu_opts_off.3menu
.. installing alias menu_opts_on.3menu
.. installing alias set_menu_opts.3menu
installing /home/lfs/project/os/usr/share/man/man3/pattern.3menu
.. installing alias menu_pattern.3menu
.. installing alias set_menu_pattern.3menu
installing /home/lfs/project/os/usr/share/man/man3/post.3menu
.. installing alias post_menu.3menu
.. installing alias unpost_menu.3menu
installing /home/lfs/project/os/usr/share/man/man3/requestname.3menu
.. installing alias menu_request_by_name.3menu
.. installing alias menu_request_name.3menu
installing /home/lfs/project/os/usr/share/man/man3/spacing.3menu
.. installing alias menu_spacing.3menu
.. installing alias set_menu_spacing.3menu
installing /home/lfs/project/os/usr/share/man/man3/userptr.3menu
.. installing alias menu_userptr.3menu
.. installing alias set_menu_userptr.3menu
installing /home/lfs/project/os/usr/share/man/man3/win.3menu
.. installing alias menu_sub.3menu
.. installing alias menu_win.3menu
.. installing alias scale_menu.3menu
.. installing alias set_menu_sub.3menu
.. installing alias set_menu_win.3menu
installing /home/lfs/project/os/usr/share/man/man3/menu_current.3menu
.. installing alias current_item.3menu
.. installing alias item_index.3menu
.. installing alias mitem_current.3menu
.. installing alias set_current_item.3menu
.. installing alias set_top_row.3menu
.. installing alias top_row.3menu
installing /home/lfs/project/os/usr/share/man/man3/menu_name.3menu
.. installing alias item_description.3menu
.. installing alias item_name.3menu
installing /home/lfs/project/os/usr/share/man/man3/menu_new.3menu
.. installing alias free_item.3menu
.. installing alias new_item.3menu
installing /home/lfs/project/os/usr/share/man/man3/menu_opts.3menu
.. installing alias item_opts.3menu
.. installing alias item_opts_off.3menu
.. installing alias item_opts_on.3menu
.. installing alias set_item_opts.3menu
installing /home/lfs/project/os/usr/share/man/man3/menu_userptr.3menu
.. installing alias item_userptr.3menu
.. installing alias set_item_userptr.3menu
installing /home/lfs/project/os/usr/share/man/man3/menu_value.3menu
.. installing alias item_value.3menu
.. installing alias set_item_value.3menu
installing /home/lfs/project/os/usr/share/man/man3/menu_visible.3menu
.. installing alias item_visible.3menu
.. installing alias mitem_visible.3menu
installing /home/lfs/project/os/usr/share/man/man3/ncurses.3ncurses
.. installing alias curses.3ncurses
installing /home/lfs/project/os/usr/share/man/man1/ncursesw6-config.1
installing /home/lfs/project/os/usr/share/man/man3/new_pair.3ncurses
.. installing alias alloc_pair.3ncurses
.. installing alias find_pair.3ncurses
.. installing alias free_pair.3ncurses
installing /home/lfs/project/os/usr/share/man/man3/panel.3curses
.. installing alias bottom_panel.3curses
.. installing alias ceiling_panel.3curses
.. installing alias del_panel.3curses
.. installing alias ground_panel.3curses
.. installing alias hide_panel.3curses
.. installing alias move_panel.3curses
.. installing alias new_panel.3curses
.. installing alias panel_above.3curses
.. installing alias panel_below.3curses
.. installing alias panel_hidden.3curses
.. installing alias panel_userptr.3curses
.. installing alias panel_window.3curses
.. installing alias replace_panel.3curses
.. installing alias set_panel_userptr.3curses
.. installing alias show_panel.3curses
.. installing alias top_panel.3curses
.. installing alias update_panels.3curses
installing /home/lfs/project/os/usr/share/man/man3/resizeterm.3ncurses
.. installing alias is_term_resized.3ncurses
.. installing alias resize_term.3ncurses
installing /home/lfs/project/os/usr/share/man/man5/scr_dump.5
installing /home/lfs/project/os/usr/share/man/man1/tabs.1
installing /home/lfs/project/os/usr/share/man/man5/term.5
installing /home/lfs/project/os/usr/share/man/man7/term.7
installing /home/lfs/project/os/usr/share/man/man3/terminfo_variables.3ncurses
.. installing alias acs_map.3ncurses
.. installing alias boolcodes.3ncurses
.. installing alias boolfnames.3ncurses
.. installing alias boolnames.3ncurses
.. installing alias cur_term.3ncurses
.. installing alias numcodes.3ncurses
.. installing alias numfnames.3ncurses
.. installing alias numnames.3ncurses
.. installing alias SP.3ncurses
.. installing alias strcodes.3ncurses
.. installing alias strfnames.3ncurses
.. installing alias strnames.3ncurses
.. installing alias ttytype.3ncurses
installing /home/lfs/project/os/usr/share/man/man5/terminfo.5
installing /home/lfs/project/os/usr/share/man/man1/tic.1
installing /home/lfs/project/os/usr/share/man/man1/toe.1
installing /home/lfs/project/os/usr/share/man/man1/tput.1
.. installing alias reset.1
installing /home/lfs/project/os/usr/share/man/man1/tset.1
.. installing alias reset.1
installing /home/lfs/project/os/usr/share/man/man5/user_caps.5
installing /home/lfs/project/os/usr/share/man/man3/wresize.3ncurses
make[1]: Leaving directory '/home/lfs/project/os/sources/compiling_area/ncurses/ncurses-6.4/man'
( cd include && make DESTDIR="/home/lfs/project/os" RPATH_LIST="/usr/lib" install )
make[1]: Entering directory '/home/lfs/project/os/sources/compiling_area/ncurses/ncurses-6.4/include'
installing curses.h in /home/lfs/project/os/usr/include
installing unctrl.h in /home/lfs/project/os/usr/include
installing ncurses_dll.h in /home/lfs/project/os/usr/include
installing term.h in /home/lfs/project/os/usr/include
installing termcap.h in /home/lfs/project/os/usr/include
installing ./tic.h in /home/lfs/project/os/usr/include
installing ./term_entry.h in /home/lfs/project/os/usr/include
installing ./nc_tparm.h in /home/lfs/project/os/usr/include
make[1]: Leaving directory '/home/lfs/project/os/sources/compiling_area/ncurses/ncurses-6.4/include'
( cd ncurses && make DESTDIR="/home/lfs/project/os" RPATH_LIST="/usr/lib" install )
make[1]: Entering directory '/home/lfs/project/os/sources/compiling_area/ncurses/ncurses-6.4/ncurses'
linking /home/lfs/project/os/usr/lib/libncursesw.so.6.4
gcc  -O2 --param max-inline-insns-single=1200  -shared -Wl,-soname,`basename /home/lfs/project/os/usr/lib/libncursesw.so.6.4 .6.4`.6,-stats,-lc -o /home/lfs/project/os/usr/lib/libncursesw.so.6.4 ../obj_s/hardscroll.o ../obj_s/hashmap.o ../obj_s/lib_addch.o ../obj_s/lib_addstr.o ../obj_s/lib_beep.o ../obj_s/lib_bkgd.o ../obj_s/lib_box.o ../obj_s/lib_chgat.o ../obj_s/lib_clear.o ../obj_s/lib_clearok.o ../obj_s/lib_clrbot.o ../obj_s/lib_clreol.o ../obj_s/lib_color.o ../obj_s/lib_colorset.o ../obj_s/lib_delch.o ../obj_s/lib_delwin.o ../obj_s/lib_echo.o ../obj_s/lib_endwin.o ../obj_s/lib_erase.o ../obj_s/lib_flash.o ../obj_s/lib_gen.o ../obj_s/lib_getch.o ../obj_s/lib_getstr.o ../obj_s/lib_hline.o ../obj_s/lib_immedok.o ../obj_s/lib_inchstr.o ../obj_s/lib_initscr.o ../obj_s/lib_insch.o ../obj_s/lib_insdel.o ../obj_s/lib_insnstr.o ../obj_s/lib_instr.o ../obj_s/lib_isendwin.o ../obj_s/lib_leaveok.o ../obj_s/lib_mouse.o ../obj_s/lib_move.o ../obj_s/lib_mvcur.o ../obj_s/lib_mvwin.o ../obj_s/lib_newterm.o ../obj_s/lib_newwin.o ../obj_s/lib_nl.o ../obj_s/lib_overlay.o ../obj_s/lib_pad.o ../obj_s/lib_printw.o ../obj_s/lib_redrawln.o ../obj_s/lib_refresh.o ../obj_s/lib_restart.o ../obj_s/lib_scanw.o ../obj_s/lib_screen.o ../obj_s/lib_scroll.o ../obj_s/lib_scrollok.o ../obj_s/lib_scrreg.o ../obj_s/lib_set_term.o ../obj_s/lib_slk.o ../obj_s/lib_slkatr_set.o ../obj_s/lib_slkatrof.o ../obj_s/lib_slkatron.o ../obj_s/lib_slkatrset.o ../obj_s/lib_slkattr.o ../obj_s/lib_slkclear.o ../obj_s/lib_slkcolor.o ../obj_s/lib_slkinit.o ../obj_s/lib_slklab.o ../obj_s/lib_slkrefr.o ../obj_s/lib_slkset.o ../obj_s/lib_slktouch.o ../obj_s/lib_touch.o ../obj_s/lib_tstp.o ../obj_s/lib_ungetch.o ../obj_s/lib_vidattr.o ../obj_s/lib_vline.o ../obj_s/lib_wattroff.o ../obj_s/lib_wattron.o ../obj_s/lib_winch.o ../obj_s/lib_window.o ../obj_s/nc_panel.o ../obj_s/safe_sprintf.o ../obj_s/tty_update.o ../obj_s/varargs.o ../obj_s/vsscanf.o ../obj_s/lib_freeall.o ../obj_s/charable.o ../obj_s/lib_add_wch.o ../obj_s/lib_box_set.o ../obj_s/lib_cchar.o ../obj_s/lib_erasewchar.o ../obj_s/lib_get_wch.o ../obj_s/lib_get_wstr.o ../obj_s/lib_hline_set.o ../obj_s/lib_in_wch.o ../obj_s/lib_in_wchnstr.o ../obj_s/lib_ins_wch.o ../obj_s/lib_inwstr.o ../obj_s/lib_key_name.o ../obj_s/lib_pecho_wchar.o ../obj_s/lib_slk_wset.o ../obj_s/lib_unget_wch.o ../obj_s/lib_vid_attr.o ../obj_s/lib_vline_set.o ../obj_s/lib_wacs.o ../obj_s/lib_wunctrl.o ../obj_s/expanded.o ../obj_s/legacy_coding.o ../obj_s/lib_dft_fgbg.o ../obj_s/lib_print.o ../obj_s/new_pair.o ../obj_s/resizeterm.o ../obj_s/use_screen.o ../obj_s/use_window.o ../obj_s/wresize.o ../obj_s/access.o ../obj_s/add_tries.o ../obj_s/alloc_ttype.o ../obj_s/codes.o ../obj_s/comp_captab.o ../obj_s/comp_error.o ../obj_s/comp_hash.o ../obj_s/comp_userdefs.o ../obj_s/db_iterator.o ../obj_s/doalloc.o ../obj_s/entries.o ../obj_s/fallback.o ../obj_s/free_ttype.o ../obj_s/getenv_num.o ../obj_s/home_terminfo.o ../obj_s/init_keytry.o ../obj_s/lib_acs.o ../obj_s/lib_baudrate.o ../obj_s/lib_cur_term.o ../obj_s/lib_data.o ../obj_s/lib_has_cap.o ../obj_s/lib_kernel.o ../obj_s/lib_keyname.o ../obj_s/lib_longname.o ../obj_s/lib_napms.o ../obj_s/lib_options.o ../obj_s/lib_raw.o ../obj_s/lib_setup.o ../obj_s/lib_termcap.o ../obj_s/lib_termname.o ../obj_s/lib_tgoto.o ../obj_s/lib_ti.o ../obj_s/lib_tparm.o ../obj_s/lib_tputs.o ../obj_s/lib_trace.o ../obj_s/lib_ttyflags.o ../obj_s/lib_twait.o ../obj_s/name_match.o ../obj_s/names.o ../obj_s/obsolete.o ../obj_s/read_entry.o ../obj_s/read_termcap.o ../obj_s/strings.o ../obj_s/tries.o ../obj_s/trim_sgr0.o ../obj_s/unctrl.o ../obj_s/visbuf.o ../obj_s/alloc_entry.o ../obj_s/captoinfo.o ../obj_s/comp_expand.o ../obj_s/comp_parse.o ../obj_s/comp_scan.o ../obj_s/parse_entry.o ../obj_s/write_entry.o ../obj_s/define_key.o ../obj_s/hashed_db.o ../obj_s/key_defined.o ../obj_s/keybound.o ../obj_s/keyok.o ../obj_s/version.o -L../lib  
/usr/bin/ld: total time in link: 0.062506
cd /home/lfs/project/os/usr/lib && (ln -s -f libncursesw.so.6.4 libncursesw.so.6; ln -s -f libncursesw.so.6 libncursesw.so; )
make[1]: Leaving directory '/home/lfs/project/os/sources/compiling_area/ncurses/ncurses-6.4/ncurses'
( cd progs && make DESTDIR="/home/lfs/project/os" RPATH_LIST="/usr/lib" install )
make[1]: Entering directory '/home/lfs/project/os/sources/compiling_area/ncurses/ncurses-6.4/progs'
/usr/bin/install -c  tic     /home/lfs/project/os/usr/bin/`echo tic|       sed 's/$//'|sed 's,x,x,'|sed 's/$//'`
/usr/bin/install -c  toe     /home/lfs/project/os/usr/bin/`echo toe|       sed 's/$//'|sed 's,x,x,'|sed 's/$//'`
linking infotocap to tic
( cd /home/lfs/project/os/usr/bin && ln -s -f `echo tic|       sed 's/$//'|sed 's,x,x,'|sed 's/$//'` `echo infotocap| sed 's/$//'|sed 's,x,x,'|sed 's/$//'` )
linking captoinfo to tic
( cd /home/lfs/project/os/usr/bin && ln -s -f `echo tic|       sed 's/$//'|sed 's,x,x,'|sed 's/$//'` `echo captoinfo| sed 's/$//'|sed 's,x,x,'|sed 's/$//'` )
/usr/bin/install -c  infocmp /home/lfs/project/os/usr/bin/`echo infocmp|   sed 's/$//'|sed 's,x,x,'|sed 's/$//'`
/usr/bin/install -c  clear   /home/lfs/project/os/usr/bin/`echo clear|     sed 's/$//'|sed 's,x,x,'|sed 's/$//'`
/usr/bin/install -c  tabs    /home/lfs/project/os/usr/bin/`echo tabs|      sed 's/$//'|sed 's,x,x,'|sed 's/$//'`
/usr/bin/install -c  tput    /home/lfs/project/os/usr/bin/`echo tput|      sed 's/$//'|sed 's,x,x,'|sed 's/$//'`
/usr/bin/install -c  tset    /home/lfs/project/os/usr/bin/`echo tset|      sed 's/$//'|sed 's,x,x,'|sed 's/$//'`
linking reset to tset
( cd /home/lfs/project/os/usr/bin && ln -s -f `echo tset|      sed 's/$//'|sed 's,x,x,'|sed 's/$//'` `echo reset|     sed 's/$//'|sed 's,x,x,'|sed 's/$//'` )
make[1]: Leaving directory '/home/lfs/project/os/sources/compiling_area/ncurses/ncurses-6.4/progs'
( cd panel && make DESTDIR="/home/lfs/project/os" RPATH_LIST="/usr/lib" install )
make[1]: Entering directory '/home/lfs/project/os/sources/compiling_area/ncurses/ncurses-6.4/panel'
linking /home/lfs/project/os/usr/lib/libpanelw.so.6.4
gcc  -O2 --param max-inline-insns-single=1200  -shared -Wl,-soname,`basename /home/lfs/project/os/usr/lib/libpanelw.so.6.4 .6.4`.6,-stats,-lc -o /home/lfs/project/os/usr/lib/libpanelw.so.6.4 ../obj_s/panel.o ../obj_s/p_above.o ../obj_s/p_below.o ../obj_s/p_bottom.o ../obj_s/p_delete.o ../obj_s/p_hide.o ../obj_s/p_hidden.o ../obj_s/p_move.o ../obj_s/p_new.o ../obj_s/p_replace.o ../obj_s/p_show.o ../obj_s/p_top.o ../obj_s/p_update.o ../obj_s/p_user.o ../obj_s/p_win.o -L../lib -lncursesw 
/usr/bin/ld: total time in link: 0.032349
cd /home/lfs/project/os/usr/lib && (ln -s -f libpanelw.so.6.4 libpanelw.so.6; ln -s -f libpanelw.so.6 libpanelw.so; )
installing ./panel.h in /home/lfs/project/os/usr/include
make[1]: Leaving directory '/home/lfs/project/os/sources/compiling_area/ncurses/ncurses-6.4/panel'
( cd menu && make DESTDIR="/home/lfs/project/os" RPATH_LIST="/usr/lib" install )
make[1]: Entering directory '/home/lfs/project/os/sources/compiling_area/ncurses/ncurses-6.4/menu'
linking /home/lfs/project/os/usr/lib/libmenuw.so.6.4
gcc  -O2 --param max-inline-insns-single=1200  -shared -Wl,-soname,`basename /home/lfs/project/os/usr/lib/libmenuw.so.6.4 .6.4`.6,-stats,-lc -o /home/lfs/project/os/usr/lib/libmenuw.so.6.4 ../obj_s/m_attribs.o ../obj_s/m_cursor.o ../obj_s/m_driver.o ../obj_s/m_format.o ../obj_s/m_global.o ../obj_s/m_hook.o ../obj_s/m_item_cur.o ../obj_s/m_item_nam.o ../obj_s/m_item_new.o ../obj_s/m_item_opt.o ../obj_s/m_item_top.o ../obj_s/m_item_use.o ../obj_s/m_item_val.o ../obj_s/m_item_vis.o ../obj_s/m_items.o ../obj_s/m_new.o ../obj_s/m_opts.o ../obj_s/m_pad.o ../obj_s/m_pattern.o ../obj_s/m_post.o ../obj_s/m_req_name.o ../obj_s/m_scale.o ../obj_s/m_spacing.o ../obj_s/m_sub.o ../obj_s/m_userptr.o ../obj_s/m_win.o -L../lib -lncursesw 
/usr/bin/ld: total time in link: 0.032261
cd /home/lfs/project/os/usr/lib && (ln -s -f libmenuw.so.6.4 libmenuw.so.6; ln -s -f libmenuw.so.6 libmenuw.so; )
installing ./eti.h in /home/lfs/project/os/usr/include
installing ./menu.h in /home/lfs/project/os/usr/include
make[1]: Leaving directory '/home/lfs/project/os/sources/compiling_area/ncurses/ncurses-6.4/menu'
( cd form && make DESTDIR="/home/lfs/project/os" RPATH_LIST="/usr/lib" install )
make[1]: Entering directory '/home/lfs/project/os/sources/compiling_area/ncurses/ncurses-6.4/form'
linking /home/lfs/project/os/usr/lib/libformw.so.6.4
gcc  -O2 --param max-inline-insns-single=1200  -shared -Wl,-soname,`basename /home/lfs/project/os/usr/lib/libformw.so.6.4 .6.4`.6,-stats,-lc -o /home/lfs/project/os/usr/lib/libformw.so.6.4 ../obj_s/fld_arg.o ../obj_s/fld_attr.o ../obj_s/fld_current.o ../obj_s/fld_def.o ../obj_s/fld_dup.o ../obj_s/fld_ftchoice.o ../obj_s/fld_ftlink.o ../obj_s/fld_info.o ../obj_s/fld_just.o ../obj_s/fld_link.o ../obj_s/fld_max.o ../obj_s/fld_move.o ../obj_s/fld_newftyp.o ../obj_s/fld_opts.o ../obj_s/fld_pad.o ../obj_s/fld_page.o ../obj_s/fld_stat.o ../obj_s/fld_type.o ../obj_s/fld_user.o ../obj_s/frm_cursor.o ../obj_s/frm_data.o ../obj_s/frm_def.o ../obj_s/frm_driver.o ../obj_s/frm_hook.o ../obj_s/frm_opts.o ../obj_s/frm_page.o ../obj_s/frm_post.o ../obj_s/frm_req_name.o ../obj_s/frm_scale.o ../obj_s/frm_sub.o ../obj_s/frm_user.o ../obj_s/frm_win.o ../obj_s/fty_alnum.o ../obj_s/fty_alpha.o ../obj_s/fty_enum.o ../obj_s/fty_generic.o ../obj_s/fty_int.o ../obj_s/fty_ipv4.o ../obj_s/fty_num.o ../obj_s/fty_regex.o -L../lib -lncursesw 
/usr/bin/ld: total time in link: 0.037976
cd /home/lfs/project/os/usr/lib && (ln -s -f libformw.so.6.4 libformw.so.6; ln -s -f libformw.so.6 libformw.so; )
installing ./form.h in /home/lfs/project/os/usr/include
make[1]: Leaving directory '/home/lfs/project/os/sources/compiling_area/ncurses/ncurses-6.4/form'
( cd test && make DESTDIR="/home/lfs/project/os" RPATH_LIST="/usr/lib" install )
make[1]: Entering directory '/home/lfs/project/os/sources/compiling_area/ncurses/ncurses-6.4/test'
make[1]: Nothing to be done for 'install'.
make[1]: Leaving directory '/home/lfs/project/os/sources/compiling_area/ncurses/ncurses-6.4/test'
( cd misc && make DESTDIR="/home/lfs/project/os" RPATH_LIST="/usr/lib" install )
make[1]: Entering directory '/home/lfs/project/os/sources/compiling_area/ncurses/ncurses-6.4/misc'
mkdir -p /home/lfs/project/os/usr/share/tabset
DESTDIR=/home/lfs/project/os \
prefix=/usr \
exec_prefix=/usr \
bindir=/usr/bin \
top_srcdir=.. \
srcdir=. \
datadir=/usr/share \
ticdir=/usr/share/terminfo \
source=terminfo.tmp \
cross_compiling=yes \
/bin/sh ./run_tic.sh
** Building terminfo database, please wait...
Running /home/lfs/project/os/sources/compiling_area/ncurses/ncurses-6.4/build/progs/tic to install /home/lfs/project/os/usr/share/terminfo ...

	You may see messages regarding extended capabilities, e.g., AX.
	These are extended terminal capabilities which are compiled
	using
		tic -x
	If you have ncurses 4.2 applications, you should read the INSTALL
	document, and install the terminfo without the -x option.

ncurses 6.4.20221231
"terminfo.tmp", line 1232, col 36, terminal 'fbterm': limiting value of `pairs' from 0x10000 to 0x7fff
"terminfo.tmp", line 5326, col 36, terminal 'xterm+256color': limiting value of `pairs' from 0x10000 to 0x7fff
"terminfo.tmp", line 5358, col 36, terminal 'xterm+256setaf': limiting value of `pairs' from 0x10000 to 0x7fff
"terminfo.tmp", line 5405, col 25, terminal 'xterm+direct2': limiting value of `colors' from 0x1000000 to 0x7fff
"terminfo.tmp", line 5405, col 40, terminal 'xterm+direct2': limiting value of `pairs' from 0x10000 to 0x7fff
"terminfo.tmp", line 5420, col 25, terminal 'xterm+direct': limiting value of `colors' from 0x1000000 to 0x7fff
"terminfo.tmp", line 5420, col 40, terminal 'xterm+direct': limiting value of `pairs' from 0x10000 to 0x7fff
"terminfo.tmp", line 5442, col 25, terminal 'xterm+indirect': limiting value of `colors' from 0x1000000 to 0x7fff
"terminfo.tmp", line 5442, col 40, terminal 'xterm+indirect': limiting value of `pairs' from 0x10000 to 0x7fff
"terminfo.tmp", line 8597, col 36, terminal 'dvtm-256color': limiting value of `pairs' from 0x10000 to 0x7fff
1814 entries written to /home/lfs/project/os/usr/share/terminfo
** built new /home/lfs/project/os/usr/share/terminfo
** sym-linked /home/lfs/project/os/usr/lib/terminfo for compatibility
installing std
installing stdcrt
installing vt100
installing vt300
finished install.data
/usr/bin/install -c ncurses-config /home/lfs/project/os/usr/bin/ncursesw6-config
make[1]: Leaving directory '/home/lfs/project/os/sources/compiling_area/ncurses/ncurses-6.4/misc'
( cd c++ && make DESTDIR="/home/lfs/project/os" RPATH_LIST="/usr/lib" install )
make[1]: Entering directory '/home/lfs/project/os/sources/compiling_area/ncurses/ncurses-6.4/c++'
linking /home/lfs/project/os/usr/lib/libncurses++w.so.6.4
/usr/bin/g++ -L../lib -lformw -lmenuw -lpanelw -lncursesw   -lutil     -shared -Wl,-soname,`basename /home/lfs/project/os/usr/lib/libncurses++w.so.6.4 .6.4`.6,-stats,-lc -o /home/lfs/project/os/usr/lib/libncurses++w.so.6.4 ../obj_s/cursesf.o ../obj_s/cursesm.o ../obj_s/cursesw.o ../obj_s/cursespad.o ../obj_s/cursesp.o ../obj_s/cursslk.o ../obj_s/cursesapp.o ../obj_s/cursesmain.o -L../lib -lformw -lmenuw -lpanelw -lncursesw 
/usr/bin/ld: total time in link: 0.099228
cd /home/lfs/project/os/usr/lib && (ln -s -f libncurses++w.so.6.4 libncurses++w.so.6; ln -s -f libncurses++w.so.6 libncurses++w.so; )
installing ./cursesapp.h in /home/lfs/project/os/usr/include
installing ./cursesf.h in /home/lfs/project/os/usr/include
installing ./cursesm.h in /home/lfs/project/os/usr/include
installing ./cursesp.h in /home/lfs/project/os/usr/include
installing ./cursesw.h in /home/lfs/project/os/usr/include
installing ./cursslk.h in /home/lfs/project/os/usr/include
installing etip.h in /home/lfs/project/os/usr/include
make[1]: Leaving directory '/home/lfs/project/os/sources/compiling_area/ncurses/ncurses-6.4/c++'
